<?xml version="1.0" encoding="UTF-8"?>
<!-- Generated by org.testng.reporters.JUnitReportReporter -->
<testsuite skipped="0" hostname="303-PC4" name="test.TestExample1TestTest2" tests="1" failures="0" timestamp="02 июн 2018 09:13:39 GMT" time="0.000" errors="0">
  <testcase name="test" time="0.000" classname="test.TestExample1TestTest2"/>
</testsuite> <!-- test.TestExample1TestTest2 -->
