<?xml version="1.0" encoding="UTF-8"?>
<!-- Generated by org.testng.reporters.JUnitReportReporter -->
<testsuite skipped="0" hostname="303-PC4" name="test.TestNewAnnotation3" tests="2" failures="0" timestamp="02 июн 2018 09:35:12 GMT" time="0.001" errors="0">
  <testcase name="test2_1_n" time="0.001" classname="test.TestNewAnnotation3"/>
  <testcase name="test2_2_n" time="0.000" classname="test.TestNewAnnotation3"/>
</testsuite> <!-- test.TestNewAnnotation3 -->
