<?xml version="1.0" encoding="UTF-8"?>
<!-- Generated by org.testng.reporters.JUnitReportReporter -->
<testsuite skipped="0" hostname="303-PC4" name="test.TestExample1" tests="2" failures="0" timestamp="02 июн 2018 09:13:39 GMT" time="0.007" errors="0">
  <testcase name="test1_1" time="0.006" classname="test.TestExample1"/>
  <testcase name="test1_2" time="0.001" classname="test.TestExample1"/>
</testsuite> <!-- test.TestExample1 -->
