<?xml version="1.0" encoding="UTF-8"?>
<!-- Generated by org.testng.reporters.JUnitReportReporter -->
<testsuite skipped="0" hostname="303-PC4" name="test.TestExample2" tests="4" failures="0" timestamp="02 июн 2018 09:13:39 GMT" time="0.003" errors="0">
  <testcase name="test2_2" time="0.000" classname="test.TestExample2"/>
  <testcase name="test2_3" time="0.001" classname="test.TestExample2"/>
  <testcase name="test2_4" time="0.001" classname="test.TestExample2"/>
  <testcase name="test2_1" time="0.001" classname="test.TestExample2"/>
</testsuite> <!-- test.TestExample2 -->
